CModelMgr()
adding item
adding item
adding item
Vytvářím materiál system/cursor...hotovo
TSUEngine verze 0.34.3444 revize 9008
OpenGL verze 3.3.10524 Compatibility Profile Context
Engine is now ready
Zaregistrovane entity: 
CBaseEntity
CDoorBase
CLogicEntity
CModelEntity
CVisibleEntity
CWorldEntity
func_door_rotating
game_control
player
prop_dynamic
prop_static
world
Loading map test
identity
Vytvářím model barrel
Vytvářím materiál barrel...hotovo
...model finished (0xac8fe8)
identity
identity
Vytvářím model box
Vytvářím materiál wall1...hotovo
...model finished (0xac9108)
identity
Vytvářím model box2
...model finished (0xac9168)
identity
identity
identity
identity
identity
identity
identity
Vytvářím model static
...model finished (0xac9408)
identity
identity
identity
identity
identity
Vytvářím model door1
Vytvářím materiál white...hotovo
...model finished (0xac95e8)
identity
identity
Creating relations...
Spawning entities
Uploading model data to GPU
Uploading data
Uploading data
Uploading data
Uploading data
Uploading data...finished
Map loaded
Deleting handles
Deleting static models
deleting m_physModel
deleting m_parts
deleting m_physModel
deleting m_parts
deleting m_physModel
deleting m_parts
deleting m_physModel
deleting m_parts
deleting m_physModel
deleting m_parts
Deleting buffers
Map test unloaded
Loading map test2
identity
Vytvářím model barrel
Vytvářím materiál barrel...hotovo
...model finished (0xac9708)
identity
identity
Vytvářím model box
Vytvářím materiál wall1...hotovo
...model finished (0xac95e8)
identity
Vytvářím model box2
...model finished (0xac9588)
identity
identity
identity
identity
identity
identity
identity
Vytvářím model static
...model finished (0xac92e8)
identity
identity
identity
identity
identity
Vytvářím model door1
Vytvářím materiál white...hotovo
...model finished (0xac9108)
identity
identity
identity
Creating relations...
Spawning entities
Adding label
Uploading model data to GPU
Uploading data
Uploading data
Uploading data
Uploading data
Uploading data...finished
Map loaded
TOGGLE!!
{"player":13,"map":"2","key":"OkVZq60GsCOhenjb368QElVtmQHk4Q2hoG123EaM8EPmPfZ2gjHY2OzZ01sRmk6L"}